<?xml version="1.0" encoding="UTF-8"?>
<testng-results ignored="0" total="3" passed="3" failed="0" skipped="0">
  <reporter-output>
  </reporter-output>
  <suite started-at="2024-08-17T17:49:33Z" name="RegressionAutomatedQA" finished-at="2024-08-17T17:49:36Z" duration-ms="3095">
    <groups>
    </groups>
    <test started-at="2024-08-17T17:49:33Z" name="TC_01_Login" finished-at="2024-08-17T17:49:34Z" duration-ms="906">
      <class name="loginTests.TC_01_Login">
        <test-method is-config="true" signature="startWebDriver()[pri:0, instance:loginTests.TC_01_Login@1cfd1875]" started-at="2024-08-17T11:49:33Z" name="startWebDriver" finished-at="2024-08-17T11:49:34Z" duration-ms="690" status="PASS">
          <reporter-output>
          </reporter-output>
        </test-method> <!-- startWebDriver -->
        <test-method signature="TC_01()[pri:0, instance:loginTests.TC_01_Login@1cfd1875]" started-at="2024-08-17T11:49:34Z" name="TC_01" finished-at="2024-08-17T11:49:34Z" duration-ms="202" status="PASS">
          <reporter-output>
          </reporter-output>
        </test-method> <!-- TC_01 -->
        <test-method is-config="true" signature="closerDriver()[pri:0, instance:loginTests.TC_01_Login@1cfd1875]" started-at="2024-08-17T11:49:34Z" name="closerDriver" finished-at="2024-08-17T11:49:34Z" duration-ms="1" status="PASS">
          <reporter-output>
          </reporter-output>
        </test-method> <!-- closerDriver -->
      </class> <!-- loginTests.TC_01_Login -->
    </test> <!-- TC_01_Login -->
    <test started-at="2024-08-17T17:49:34Z" name="TC_02_LoginError" finished-at="2024-08-17T17:49:35Z" duration-ms="925">
      <class name="loginTests.TC_02_LoginError">
        <test-method is-config="true" signature="startWebDriver()[pri:0, instance:loginTests.TC_02_LoginError@273c947f]" started-at="2024-08-17T11:49:34Z" name="startWebDriver" finished-at="2024-08-17T11:49:35Z" duration-ms="587" status="PASS">
          <reporter-output>
          </reporter-output>
        </test-method> <!-- startWebDriver -->
        <test-method signature="TC_01()[pri:0, instance:loginTests.TC_02_LoginError@273c947f]" started-at="2024-08-17T11:49:35Z" name="TC_01" finished-at="2024-08-17T11:49:35Z" duration-ms="204" status="PASS">
          <reporter-output>
          </reporter-output>
        </test-method> <!-- TC_01 -->
        <test-method is-config="true" signature="closerDriver()[pri:0, instance:loginTests.TC_02_LoginError@273c947f]" started-at="2024-08-17T11:49:35Z" name="closerDriver" finished-at="2024-08-17T11:49:35Z" duration-ms="131" status="PASS">
          <reporter-output>
          </reporter-output>
        </test-method> <!-- closerDriver -->
      </class> <!-- loginTests.TC_02_LoginError -->
    </test> <!-- TC_02_LoginError -->
    <test started-at="2024-08-17T17:49:35Z" name="TC_03_ValidateRemoveButton" finished-at="2024-08-17T17:49:36Z" duration-ms="1218">
      <class name="InventoryTests.TC_03_ValidateRemoveButton">
        <test-method is-config="true" signature="startWebDriver()[pri:0, instance:InventoryTests.TC_03_ValidateRemoveButton@6bfdb014]" started-at="2024-08-17T11:49:35Z" name="startWebDriver" finished-at="2024-08-17T11:49:36Z" duration-ms="726" status="PASS">
          <reporter-output>
          </reporter-output>
        </test-method> <!-- startWebDriver -->
        <test-method signature="TC_01()[pri:0, instance:InventoryTests.TC_03_ValidateRemoveButton@6bfdb014]" started-at="2024-08-17T11:49:36Z" name="TC_01" finished-at="2024-08-17T11:49:36Z" duration-ms="372" status="PASS">
          <reporter-output>
          </reporter-output>
        </test-method> <!-- TC_01 -->
        <test-method is-config="true" signature="closerDriver()[pri:0, instance:InventoryTests.TC_03_ValidateRemoveButton@6bfdb014]" started-at="2024-08-17T11:49:36Z" name="closerDriver" finished-at="2024-08-17T11:49:36Z" duration-ms="119" status="PASS">
          <reporter-output>
          </reporter-output>
        </test-method> <!-- closerDriver -->
      </class> <!-- InventoryTests.TC_03_ValidateRemoveButton -->
    </test> <!-- TC_03_ValidateRemoveButton -->
  </suite> <!-- RegressionAutomatedQA -->
</testng-results>
