<?xml version="1.0" encoding="UTF-8"?>
<testng-results ignored="0" total="1" passed="1" failed="0" skipped="0">
  <reporter-output>
  </reporter-output>
  <suite started-at="2024-08-10T17:37:42Z" name="Default suite" finished-at="2024-08-10T17:37:44Z" duration-ms="2302">
    <groups>
    </groups>
    <test started-at="2024-08-10T17:37:42Z" name="Default test" finished-at="2024-08-10T17:37:44Z" duration-ms="2302">
      <class name="Testing.Ejemplo_SoftAssert">
        <test-method signature="Prueba2()[pri:0, instance:Testing.Ejemplo_SoftAssert@327bcebd]" started-at="2024-08-10T11:37:42Z" name="Prueba2" finished-at="2024-08-10T11:37:44Z" duration-ms="2289" status="PASS">
          <reporter-output>
          </reporter-output>
        </test-method> <!-- Prueba2 -->
      </class> <!-- Testing.Ejemplo_SoftAssert -->
    </test> <!-- Default test -->
  </suite> <!-- Default suite -->
</testng-results>
